<?xml version="1.0" encoding="UTF-8"?>
<testng-results ignored="0" total="1" passed="1" failed="0" skipped="0">
  <reporter-output>
  </reporter-output>
  <suite started-at="2026-08-07T20:56:13 IST" name="LoginSuite" finished-at="2026-08-07T20:56:32 IST" duration-ms="18794">
    <groups>
    </groups>
    <test started-at="2026-08-07T20:56:13 IST" name="LoginTests" finished-at="2026-08-07T20:56:32 IST" duration-ms="18794">
      <class name="tests.LoginTest">
        <test-method is-config="true" signature="setUp()[pri:0, instance:tests.LoginTest@7bba5817]" started-at="2026-08-07T20:56:13 IST" name="setUp" finished-at="2026-08-07T20:56:30 IST" duration-ms="17025" status="PASS">
          <reporter-output>
          </reporter-output>
        </test-method> <!-- setUp -->
        <test-method signature="testValidLogin()[pri:0, instance:tests.LoginTest@7bba5817]" started-at="2026-08-07T20:56:30 IST" name="testValidLogin" finished-at="2026-08-07T20:56:32 IST" duration-ms="1695" status="PASS">
          <reporter-output>
          </reporter-output>
        </test-method> <!-- testValidLogin -->
        <test-method is-config="true" signature="teardown()[pri:0, instance:tests.LoginTest@7bba5817]" started-at="2026-08-07T20:56:32 IST" name="teardown" finished-at="2026-08-07T20:56:32 IST" duration-ms="1" status="PASS">
          <reporter-output>
          </reporter-output>
        </test-method> <!-- teardown -->
      </class> <!-- tests.LoginTest -->
    </test> <!-- LoginTests -->
  </suite> <!-- LoginSuite -->
</testng-results>
